<?xml version="1.0" encoding="UTF-8"?>
<testng-results skipped="0" failed="0" ignored="0" total="2" passed="2">
  <reporter-output>
  </reporter-output>
  <suite name="Default suite" duration-ms="13606" started-at="2018-07-29T05:24:16Z" finished-at="2018-07-29T05:24:29Z">
    <groups>
    </groups>
    <test name="Default test" duration-ms="13606" started-at="2018-07-29T05:24:16Z" finished-at="2018-07-29T05:24:29Z">
      <class name="org.kff.tests.KffTest">
        <test-method status="PASS" signature="setUpTest()[pri:0, instance:org.kff.tests.KffTest@25bc0606]" name="setUpTest" is-config="true" duration-ms="166" started-at="2018-07-29T05:24:16Z" finished-at="2018-07-29T05:24:16Z">
          <reporter-output>
          </reporter-output>
        </test-method> <!-- setUpTest -->
        <test-method status="PASS" signature="setUp()[pri:0, instance:org.kff.tests.KffTest@25bc0606]" name="setUp" is-config="true" duration-ms="4179" started-at="2018-07-29T05:24:16Z" finished-at="2018-07-29T05:24:20Z">
          <reporter-output>
          </reporter-output>
        </test-method> <!-- setUp -->
        <test-method status="PASS" signature="titleVerification()[pri:1, instance:org.kff.tests.KffTest@25bc0606]" name="titleVerification" duration-ms="4541" started-at="2018-07-29T05:24:20Z" finished-at="2018-07-29T05:24:24Z">
          <reporter-output>
          </reporter-output>
        </test-method> <!-- titleVerification -->
        <test-method status="PASS" signature="tearDown(org.testng.ITestResult)[pri:0, instance:org.kff.tests.KffTest@25bc0606]" name="tearDown" is-config="true" duration-ms="3" started-at="2018-07-29T05:24:24Z" finished-at="2018-07-29T05:24:24Z">
          <params>
            <param index="0">
              <value>
                <![CDATA[[TestResult name=titleVerification status=SUCCESS method=KffTest.titleVerification()[pri:1, instance:org.kff.tests.KffTest@25bc0606] output={null}]]]>
              </value>
            </param>
          </params>
          <reporter-output>
          </reporter-output>
        </test-method> <!-- tearDown -->
        <test-method status="PASS" signature="setUp()[pri:0, instance:org.kff.tests.KffTest@25bc0606]" name="setUp" is-config="true" duration-ms="1400" started-at="2018-07-29T05:24:24Z" finished-at="2018-07-29T05:24:26Z">
          <reporter-output>
          </reporter-output>
        </test-method> <!-- setUp -->
        <test-method status="PASS" signature="titleVerification2()[pri:2, instance:org.kff.tests.KffTest@25bc0606]" name="titleVerification2" duration-ms="2583" started-at="2018-07-29T05:24:26Z" finished-at="2018-07-29T05:24:28Z">
          <reporter-output>
          </reporter-output>
        </test-method> <!-- titleVerification2 -->
        <test-method status="PASS" signature="tearDown(org.testng.ITestResult)[pri:0, instance:org.kff.tests.KffTest@25bc0606]" name="tearDown" is-config="true" duration-ms="1" started-at="2018-07-29T05:24:28Z" finished-at="2018-07-29T05:24:28Z">
          <params>
            <param index="0">
              <value>
                <![CDATA[[TestResult name=titleVerification2 status=SUCCESS method=KffTest.titleVerification2()[pri:2, instance:org.kff.tests.KffTest@25bc0606] output={null}]]]>
              </value>
            </param>
          </params>
          <reporter-output>
          </reporter-output>
        </test-method> <!-- tearDown -->
        <test-method status="PASS" signature="tearDownTest()[pri:0, instance:org.kff.tests.KffTest@25bc0606]" name="tearDownTest" is-config="true" duration-ms="707" started-at="2018-07-29T05:24:28Z" finished-at="2018-07-29T05:24:29Z">
          <reporter-output>
          </reporter-output>
        </test-method> <!-- tearDownTest -->
      </class> <!-- org.kff.tests.KffTest -->
    </test> <!-- Default test -->
  </suite> <!-- Default suite -->
</testng-results>
