<?xml version="1.0" encoding="UTF-8"?>
<testng-results skipped="0" failed="0" ignored="0" total="1" passed="1">
  <reporter-output>
  </reporter-output>
  <suite name="Default suite" duration-ms="4408" started-at="2018-07-28T21:29:12Z" finished-at="2018-07-28T21:29:16Z">
    <groups>
    </groups>
    <test name="Default test" duration-ms="4408" started-at="2018-07-28T21:29:12Z" finished-at="2018-07-28T21:29:16Z">
      <class name="org.kff.tests.HomePageTests">
        <test-method status="PASS" signature="setUpTest()[pri:0, instance:org.kff.tests.HomePageTests@6475472c]" name="setUpTest" is-config="true" duration-ms="131" started-at="2018-07-28T21:29:12Z" finished-at="2018-07-28T21:29:12Z">
          <reporter-output>
          </reporter-output>
        </test-method> <!-- setUpTest -->
        <test-method status="PASS" signature="setUp()[pri:0, instance:org.kff.tests.HomePageTests@6475472c]" name="setUp" is-config="true" duration-ms="4217" started-at="2018-07-28T21:29:12Z" finished-at="2018-07-28T21:29:16Z">
          <reporter-output>
          </reporter-output>
        </test-method> <!-- setUp -->
        <test-method status="PASS" signature="verifyTitle()[pri:0, instance:org.kff.tests.HomePageTests@6475472c]" name="verifyTitle" duration-ms="22" started-at="2018-07-28T21:29:16Z" finished-at="2018-07-28T21:29:16Z">
          <reporter-output>
          </reporter-output>
        </test-method> <!-- verifyTitle -->
        <test-method status="PASS" signature="tearDown(org.testng.ITestResult)[pri:0, instance:org.kff.tests.HomePageTests@6475472c]" name="tearDown" is-config="true" duration-ms="3" started-at="2018-07-28T21:29:16Z" finished-at="2018-07-28T21:29:16Z">
          <params>
            <param index="0">
              <value>
                <![CDATA[[TestResult name=verifyTitle status=SUCCESS method=HomePageTests.verifyTitle()[pri:0, instance:org.kff.tests.HomePageTests@6475472c] output={null}]]]>
              </value>
            </param>
          </params>
          <reporter-output>
          </reporter-output>
        </test-method> <!-- tearDown -->
        <test-method status="PASS" signature="tearDownTest()[pri:0, instance:org.kff.tests.HomePageTests@6475472c]" name="tearDownTest" is-config="true" duration-ms="2" started-at="2018-07-28T21:29:16Z" finished-at="2018-07-28T21:29:16Z">
          <reporter-output>
          </reporter-output>
        </test-method> <!-- tearDownTest -->
      </class> <!-- org.kff.tests.HomePageTests -->
    </test> <!-- Default test -->
  </suite> <!-- Default suite -->
</testng-results>
